{ 0

	 0
let 0
let 0
  0
; 0
  0

	 0
let 0
let 0
  0
b 3321
b 3321
, 0
c 3321
c 3321
, 0
sum 5845
sum 5845
; 0

	 0
a 3321
a 3321
= 0
0 3321
; 0

	 0
b 3321
b 3321
= 0
0 3321
; 0

	 0
c 3321
c 3321
= 0
0 3321
; 0

	 0
= 0
0 3321
; 0

	 0
input 0
input 0
( 0
a 3321
a 3321
) 0
; 0

	 0
input 0
input 0
( 0
b 3321
b 3321
) 0
; 0

	 0
input 0
input 0
( 0
c 3321
c 3321
) 0
; 0

	 0
sum 5845
sum 5845
= 0
a 3321
a 3321
+ 0
b 3321
b 3321
+ 0
c 3321
c 3321
; 0

	 0
output 0
output 0
( 0
sum 5845
sum 5845
) 0
; 0

 0
} 0
